2025-11-04 02:15:46 - vrp_ga - INFO - Logger initialized. Log file: logs/vrp_ga_20251104_021546.log
2025-11-04 02:15:46 - vrp_ga - INFO - ============================================================
2025-11-04 02:15:46 - vrp_ga - INFO - VRP-GA System Starting
2025-11-04 02:15:46 - vrp_ga - INFO - ============================================================
2025-11-04 02:15:46 - vrp_ga.batch - INFO - Logger initialized. Log file: logs/vrp_ga_20251104_021546.log
2025-11-04 02:15:46 - vrp_ga.batch - INFO - Logger initialized. Log file: logs/vrp_ga_20251104_021546.log
2025-11-04 02:15:46 - vrp_ga.batch - INFO - ============================================================
2025-11-04 02:15:46 - vrp_ga.batch - INFO - ============================================================
2025-11-04 02:15:46 - vrp_ga.batch - INFO - VRP-GA System - Solomon Batch Mode
2025-11-04 02:15:46 - vrp_ga.batch - INFO - VRP-GA System - Solomon Batch Mode
2025-11-04 02:15:46 - vrp_ga.batch - INFO - ============================================================
2025-11-04 02:15:46 - vrp_ga.batch - INFO - ============================================================
2025-11-04 02:15:46 - vrp_ga.batch - INFO - BKS validator initialized with 56 instances
2025-11-04 02:15:46 - vrp_ga.batch - INFO - BKS validator initialized with 56 instances
2025-11-04 02:15:46 - vrp_ga.batch - INFO - Found 55 Solomon datasets
2025-11-04 02:15:46 - vrp_ga.batch - INFO - Found 55 Solomon datasets
2025-11-04 02:15:46 - vrp_ga.batch - INFO - Processing dataset 1/55: R109
2025-11-04 02:15:46 - vrp_ga.batch - INFO - Processing dataset 1/55: R109
2025-11-04 02:15:46 - vrp_ga.batch - INFO - Problem: 100 customers, capacity 200, 10 vehicles
2025-11-04 02:15:46 - vrp_ga.batch - INFO - Problem: 100 customers, capacity 200, 10 vehicles
2025-11-04 02:16:02 - vrp_ga.batch - INFO - BKS Validation - Gap: 9.59%, Quality: POOR
2025-11-04 02:16:02 - vrp_ga.batch - INFO - BKS Validation - Gap: 9.59%, Quality: POOR
2025-11-04 02:16:02 - vrp_ga.batch - INFO - Processing dataset 2/55: RC105
2025-11-04 02:16:02 - vrp_ga.batch - INFO - Processing dataset 2/55: RC105
2025-11-04 02:16:02 - vrp_ga.batch - INFO - Problem: 100 customers, capacity 200, 11 vehicles
2025-11-04 02:16:02 - vrp_ga.batch - INFO - Problem: 100 customers, capacity 200, 11 vehicles
2025-11-04 02:16:18 - vrp_ga.batch - INFO - BKS Validation - Gap: -15.02%, Quality: EXCELLENT
2025-11-04 02:16:18 - vrp_ga.batch - INFO - BKS Validation - Gap: -15.02%, Quality: EXCELLENT
2025-11-04 02:16:18 - vrp_ga.batch - INFO - Processing dataset 3/55: C202
2025-11-04 02:16:18 - vrp_ga.batch - INFO - Processing dataset 3/55: C202
2025-11-04 02:16:18 - vrp_ga.batch - INFO - Problem: 100 customers, capacity 200, 12 vehicles
2025-11-04 02:16:18 - vrp_ga.batch - INFO - Problem: 100 customers, capacity 200, 12 vehicles
2025-11-04 02:16:34 - vrp_ga.batch - INFO - BKS Validation - Gap: 110.10%, Quality: VERY_POOR
2025-11-04 02:16:34 - vrp_ga.batch - INFO - BKS Validation - Gap: 110.10%, Quality: VERY_POOR
2025-11-04 02:16:34 - vrp_ga.batch - INFO - Processing dataset 4/55: C107
2025-11-04 02:16:34 - vrp_ga.batch - INFO - Processing dataset 4/55: C107
2025-11-04 02:16:34 - vrp_ga.batch - INFO - Problem: 100 customers, capacity 200, 12 vehicles
2025-11-04 02:16:34 - vrp_ga.batch - INFO - Problem: 100 customers, capacity 200, 12 vehicles
2025-11-04 02:16:51 - vrp_ga.batch - INFO - BKS Validation - Gap: 34.18%, Quality: VERY_POOR
2025-11-04 02:16:51 - vrp_ga.batch - INFO - BKS Validation - Gap: 34.18%, Quality: VERY_POOR
2025-11-04 02:16:51 - vrp_ga.batch - INFO - Processing dataset 5/55: R105
2025-11-04 02:16:51 - vrp_ga.batch - INFO - Processing dataset 5/55: R105
2025-11-04 02:16:51 - vrp_ga.batch - INFO - Problem: 100 customers, capacity 200, 10 vehicles
2025-11-04 02:16:51 - vrp_ga.batch - INFO - Problem: 100 customers, capacity 200, 10 vehicles
2025-11-04 02:17:08 - vrp_ga.batch - INFO - BKS Validation - Gap: -16.33%, Quality: EXCELLENT
2025-11-04 02:17:08 - vrp_ga.batch - INFO - BKS Validation - Gap: -16.33%, Quality: EXCELLENT
2025-11-04 02:17:08 - vrp_ga.batch - INFO - Processing dataset 6/55: R112
2025-11-04 02:17:08 - vrp_ga.batch - INFO - Processing dataset 6/55: R112
2025-11-04 02:17:08 - vrp_ga.batch - INFO - Problem: 100 customers, capacity 200, 10 vehicles
2025-11-04 02:17:08 - vrp_ga.batch - INFO - Problem: 100 customers, capacity 200, 10 vehicles
2025-11-04 02:17:25 - vrp_ga.batch - INFO - BKS Validation - Gap: 22.75%, Quality: VERY_POOR
2025-11-04 02:17:25 - vrp_ga.batch - INFO - BKS Validation - Gap: 22.75%, Quality: VERY_POOR
2025-11-04 02:17:25 - vrp_ga.batch - INFO - Processing dataset 7/55: RC201
2025-11-04 02:17:25 - vrp_ga.batch - INFO - Processing dataset 7/55: RC201
2025-11-04 02:17:25 - vrp_ga.batch - INFO - Problem: 100 customers, capacity 200, 11 vehicles
2025-11-04 02:17:25 - vrp_ga.batch - INFO - Problem: 100 customers, capacity 200, 11 vehicles
2025-11-04 02:17:42 - vrp_ga.batch - INFO - BKS Validation - Gap: -15.20%, Quality: EXCELLENT
2025-11-04 02:17:42 - vrp_ga.batch - INFO - BKS Validation - Gap: -15.20%, Quality: EXCELLENT
2025-11-04 02:17:42 - vrp_ga.batch - INFO - Processing dataset 8/55: R104
2025-11-04 02:17:42 - vrp_ga.batch - INFO - Processing dataset 8/55: R104
2025-11-04 02:17:42 - vrp_ga.batch - INFO - Problem: 100 customers, capacity 200, 10 vehicles
2025-11-04 02:17:42 - vrp_ga.batch - INFO - Problem: 100 customers, capacity 200, 10 vehicles
2025-11-04 02:18:01 - vrp_ga.batch - INFO - BKS Validation - Gap: 24.76%, Quality: VERY_POOR
2025-11-04 02:18:01 - vrp_ga.batch - INFO - BKS Validation - Gap: 24.76%, Quality: VERY_POOR
2025-11-04 02:18:01 - vrp_ga.batch - INFO - Processing dataset 9/55: C106
2025-11-04 02:18:01 - vrp_ga.batch - INFO - Processing dataset 9/55: C106
2025-11-04 02:18:01 - vrp_ga.batch - INFO - Problem: 100 customers, capacity 200, 12 vehicles
2025-11-04 02:18:01 - vrp_ga.batch - INFO - Problem: 100 customers, capacity 200, 12 vehicles
2025-11-04 02:18:21 - vrp_ga.batch - INFO - BKS Validation - Gap: 38.85%, Quality: VERY_POOR
2025-11-04 02:18:21 - vrp_ga.batch - INFO - BKS Validation - Gap: 38.85%, Quality: VERY_POOR
2025-11-04 02:18:21 - vrp_ga.batch - INFO - Processing dataset 10/55: C203
2025-11-04 02:18:21 - vrp_ga.batch - INFO - Processing dataset 10/55: C203
2025-11-04 02:18:21 - vrp_ga.batch - INFO - Problem: 100 customers, capacity 200, 12 vehicles
2025-11-04 02:18:21 - vrp_ga.batch - INFO - Problem: 100 customers, capacity 200, 12 vehicles
2025-11-04 02:18:38 - vrp_ga.batch - INFO - BKS Validation - Gap: 126.73%, Quality: VERY_POOR
2025-11-04 02:18:38 - vrp_ga.batch - INFO - BKS Validation - Gap: 126.73%, Quality: VERY_POOR
2025-11-04 02:18:38 - vrp_ga.batch - INFO - Processing dataset 11/55: R201
2025-11-04 02:18:38 - vrp_ga.batch - INFO - Processing dataset 11/55: R201
2025-11-04 02:18:38 - vrp_ga.batch - INFO - Problem: 100 customers, capacity 200, 10 vehicles
2025-11-04 02:18:38 - vrp_ga.batch - INFO - Problem: 100 customers, capacity 200, 10 vehicles
2025-11-04 02:18:57 - vrp_ga.batch - INFO - BKS Validation - Gap: -5.80%, Quality: EXCELLENT
2025-11-04 02:18:57 - vrp_ga.batch - INFO - BKS Validation - Gap: -5.80%, Quality: EXCELLENT
2025-11-04 02:18:57 - vrp_ga.batch - INFO - Processing dataset 12/55: RC104
2025-11-04 02:18:57 - vrp_ga.batch - INFO - Processing dataset 12/55: RC104
2025-11-04 02:18:57 - vrp_ga.batch - INFO - Problem: 100 customers, capacity 200, 11 vehicles
2025-11-04 02:18:57 - vrp_ga.batch - INFO - Problem: 100 customers, capacity 200, 11 vehicles
2025-11-04 02:19:13 - vrp_ga.batch - INFO - BKS Validation - Gap: 10.89%, Quality: VERY_POOR
2025-11-04 02:19:13 - vrp_ga.batch - INFO - BKS Validation - Gap: 10.89%, Quality: VERY_POOR
2025-11-04 02:19:13 - vrp_ga.batch - INFO - Processing dataset 13/55: R108
2025-11-04 02:19:13 - vrp_ga.batch - INFO - Processing dataset 13/55: R108
2025-11-04 02:19:13 - vrp_ga.batch - INFO - Problem: 100 customers, capacity 200, 10 vehicles
2025-11-04 02:19:13 - vrp_ga.batch - INFO - Problem: 100 customers, capacity 200, 10 vehicles
2025-11-04 02:19:29 - vrp_ga.batch - INFO - BKS Validation - Gap: 26.85%, Quality: VERY_POOR
2025-11-04 02:19:29 - vrp_ga.batch - INFO - BKS Validation - Gap: 26.85%, Quality: VERY_POOR
2025-11-04 02:19:29 - vrp_ga.batch - INFO - Processing dataset 14/55: RC108
2025-11-04 02:19:29 - vrp_ga.batch - INFO - Processing dataset 14/55: RC108
2025-11-04 02:19:29 - vrp_ga.batch - INFO - Problem: 100 customers, capacity 200, 11 vehicles
2025-11-04 02:19:29 - vrp_ga.batch - INFO - Problem: 100 customers, capacity 200, 11 vehicles
2025-11-04 02:19:44 - vrp_ga.batch - INFO - BKS Validation - Gap: 11.71%, Quality: VERY_POOR
2025-11-04 02:19:44 - vrp_ga.batch - INFO - BKS Validation - Gap: 11.71%, Quality: VERY_POOR
2025-11-04 02:19:44 - vrp_ga.batch - INFO - Processing dataset 15/55: RC103
2025-11-04 02:19:44 - vrp_ga.batch - INFO - Processing dataset 15/55: RC103
2025-11-04 02:19:44 - vrp_ga.batch - INFO - Problem: 100 customers, capacity 200, 11 vehicles
2025-11-04 02:19:44 - vrp_ga.batch - INFO - Problem: 100 customers, capacity 200, 11 vehicles
2025-11-04 02:20:00 - vrp_ga.batch - INFO - BKS Validation - Gap: 4.81%, Quality: ACCEPTABLE
2025-11-04 02:20:00 - vrp_ga.batch - INFO - BKS Validation - Gap: 4.81%, Quality: ACCEPTABLE
2025-11-04 02:20:00 - vrp_ga.batch - INFO - Processing dataset 16/55: R210
2025-11-04 02:20:00 - vrp_ga.batch - INFO - Processing dataset 16/55: R210
2025-11-04 02:20:00 - vrp_ga.batch - INFO - Problem: 100 customers, capacity 200, 10 vehicles
2025-11-04 02:20:00 - vrp_ga.batch - INFO - Problem: 100 customers, capacity 200, 10 vehicles
2025-11-04 02:20:17 - vrp_ga.batch - INFO - BKS Validation - Gap: 25.41%, Quality: VERY_POOR
2025-11-04 02:20:17 - vrp_ga.batch - INFO - BKS Validation - Gap: 25.41%, Quality: VERY_POOR
2025-11-04 02:20:17 - vrp_ga.batch - INFO - Processing dataset 17/55: R206
2025-11-04 02:20:17 - vrp_ga.batch - INFO - Processing dataset 17/55: R206
2025-11-04 02:20:17 - vrp_ga.batch - INFO - Problem: 100 customers, capacity 200, 10 vehicles
2025-11-04 02:20:17 - vrp_ga.batch - INFO - Problem: 100 customers, capacity 200, 10 vehicles
2025-11-04 02:20:33 - vrp_ga.batch - INFO - BKS Validation - Gap: 29.99%, Quality: VERY_POOR
2025-11-04 02:20:33 - vrp_ga.batch - INFO - BKS Validation - Gap: 29.99%, Quality: VERY_POOR
2025-11-04 02:20:33 - vrp_ga.batch - INFO - Processing dataset 18/55: C204
2025-11-04 02:20:33 - vrp_ga.batch - INFO - Processing dataset 18/55: C204
2025-11-04 02:20:33 - vrp_ga.batch - INFO - Problem: 100 customers, capacity 200, 12 vehicles
2025-11-04 02:20:33 - vrp_ga.batch - INFO - Problem: 100 customers, capacity 200, 12 vehicles
2025-11-04 02:20:49 - vrp_ga.batch - INFO - BKS Validation - Gap: 120.78%, Quality: VERY_POOR
2025-11-04 02:20:49 - vrp_ga.batch - INFO - BKS Validation - Gap: 120.78%, Quality: VERY_POOR
2025-11-04 02:20:49 - vrp_ga.batch - INFO - Processing dataset 19/55: C101
2025-11-04 02:20:49 - vrp_ga.batch - INFO - Processing dataset 19/55: C101
2025-11-04 02:20:49 - vrp_ga.batch - INFO - Problem: 100 customers, capacity 200, 12 vehicles
2025-11-04 02:20:49 - vrp_ga.batch - INFO - Problem: 100 customers, capacity 200, 12 vehicles
2025-11-04 02:21:05 - vrp_ga.batch - INFO - BKS Validation - Gap: 39.83%, Quality: VERY_POOR
2025-11-04 02:21:05 - vrp_ga.batch - INFO - BKS Validation - Gap: 39.83%, Quality: VERY_POOR
2025-11-04 02:21:05 - vrp_ga.batch - INFO - Processing dataset 20/55: R103
2025-11-04 02:21:05 - vrp_ga.batch - INFO - Processing dataset 20/55: R103
2025-11-04 02:21:05 - vrp_ga.batch - INFO - Problem: 100 customers, capacity 200, 10 vehicles
2025-11-04 02:21:05 - vrp_ga.batch - INFO - Problem: 100 customers, capacity 200, 10 vehicles
2025-11-04 02:21:21 - vrp_ga.batch - INFO - BKS Validation - Gap: -5.11%, Quality: EXCELLENT
2025-11-04 02:21:21 - vrp_ga.batch - INFO - BKS Validation - Gap: -5.11%, Quality: EXCELLENT
2025-11-04 02:21:21 - vrp_ga.batch - INFO - Processing dataset 21/55: RC206
2025-11-04 02:21:21 - vrp_ga.batch - INFO - Processing dataset 21/55: RC206
2025-11-04 02:21:21 - vrp_ga.batch - INFO - Problem: 100 customers, capacity 200, 11 vehicles
2025-11-04 02:21:21 - vrp_ga.batch - INFO - Problem: 100 customers, capacity 200, 11 vehicles
2025-11-04 02:21:37 - vrp_ga.batch - INFO - BKS Validation - Gap: 13.20%, Quality: VERY_POOR
2025-11-04 02:21:37 - vrp_ga.batch - INFO - BKS Validation - Gap: 13.20%, Quality: VERY_POOR
2025-11-04 02:21:37 - vrp_ga.batch - INFO - Processing dataset 22/55: C208
2025-11-04 02:21:37 - vrp_ga.batch - INFO - Processing dataset 22/55: C208
2025-11-04 02:21:37 - vrp_ga.batch - INFO - Problem: 100 customers, capacity 200, 12 vehicles
2025-11-04 02:21:37 - vrp_ga.batch - INFO - Problem: 100 customers, capacity 200, 12 vehicles
2025-11-04 02:21:53 - vrp_ga.batch - INFO - BKS Validation - Gap: 111.08%, Quality: VERY_POOR
2025-11-04 02:21:53 - vrp_ga.batch - INFO - BKS Validation - Gap: 111.08%, Quality: VERY_POOR
2025-11-04 02:21:53 - vrp_ga.batch - INFO - Processing dataset 23/55: RC207
2025-11-04 02:21:53 - vrp_ga.batch - INFO - Processing dataset 23/55: RC207
2025-11-04 02:21:53 - vrp_ga.batch - INFO - Problem: 100 customers, capacity 200, 11 vehicles
2025-11-04 02:21:53 - vrp_ga.batch - INFO - Problem: 100 customers, capacity 200, 11 vehicles
2025-11-04 02:22:09 - vrp_ga.batch - INFO - BKS Validation - Gap: 25.21%, Quality: VERY_POOR
2025-11-04 02:22:09 - vrp_ga.batch - INFO - BKS Validation - Gap: 25.21%, Quality: VERY_POOR
2025-11-04 02:22:09 - vrp_ga.batch - INFO - Processing dataset 24/55: R102
2025-11-04 02:22:09 - vrp_ga.batch - INFO - Processing dataset 24/55: R102
2025-11-04 02:22:09 - vrp_ga.batch - INFO - Problem: 100 customers, capacity 200, 10 vehicles
2025-11-04 02:22:09 - vrp_ga.batch - INFO - Problem: 100 customers, capacity 200, 10 vehicles
2025-11-04 02:22:25 - vrp_ga.batch - INFO - BKS Validation - Gap: -17.51%, Quality: EXCELLENT
2025-11-04 02:22:25 - vrp_ga.batch - INFO - BKS Validation - Gap: -17.51%, Quality: EXCELLENT
2025-11-04 02:22:25 - vrp_ga.batch - INFO - Processing dataset 25/55: C205
2025-11-04 02:22:25 - vrp_ga.batch - INFO - Processing dataset 25/55: C205
2025-11-04 02:22:25 - vrp_ga.batch - INFO - Problem: 100 customers, capacity 200, 12 vehicles
2025-11-04 02:22:25 - vrp_ga.batch - INFO - Problem: 100 customers, capacity 200, 12 vehicles
2025-11-04 02:22:41 - vrp_ga.batch - INFO - BKS Validation - Gap: 106.48%, Quality: VERY_POOR
2025-11-04 02:22:41 - vrp_ga.batch - INFO - BKS Validation - Gap: 106.48%, Quality: VERY_POOR
2025-11-04 02:22:41 - vrp_ga.batch - INFO - Processing dataset 26/55: R207
2025-11-04 02:22:41 - vrp_ga.batch - INFO - Processing dataset 26/55: R207
2025-11-04 02:22:41 - vrp_ga.batch - INFO - Problem: 100 customers, capacity 200, 10 vehicles
2025-11-04 02:22:41 - vrp_ga.batch - INFO - Problem: 100 customers, capacity 200, 10 vehicles
2025-11-04 02:23:05 - vrp_ga.batch - INFO - BKS Validation - Gap: 36.64%, Quality: VERY_POOR
2025-11-04 02:23:05 - vrp_ga.batch - INFO - BKS Validation - Gap: 36.64%, Quality: VERY_POOR
2025-11-04 02:23:05 - vrp_ga.batch - INFO - Processing dataset 27/55: R211
2025-11-04 02:23:05 - vrp_ga.batch - INFO - Processing dataset 27/55: R211
2025-11-04 02:23:05 - vrp_ga.batch - INFO - Problem: 100 customers, capacity 200, 10 vehicles
2025-11-04 02:23:05 - vrp_ga.batch - INFO - Problem: 100 customers, capacity 200, 10 vehicles
2025-11-04 02:23:24 - vrp_ga.batch - INFO - BKS Validation - Gap: 35.71%, Quality: VERY_POOR
2025-11-04 02:23:24 - vrp_ga.batch - INFO - BKS Validation - Gap: 35.71%, Quality: VERY_POOR
2025-11-04 02:23:24 - vrp_ga.batch - INFO - Processing dataset 28/55: RC102
2025-11-04 02:23:24 - vrp_ga.batch - INFO - Processing dataset 28/55: RC102
2025-11-04 02:23:24 - vrp_ga.batch - INFO - Problem: 100 customers, capacity 200, 11 vehicles
2025-11-04 02:23:24 - vrp_ga.batch - INFO - Problem: 100 customers, capacity 200, 11 vehicles
2025-11-04 02:23:41 - vrp_ga.batch - INFO - BKS Validation - Gap: -11.55%, Quality: EXCELLENT
2025-11-04 02:23:41 - vrp_ga.batch - INFO - BKS Validation - Gap: -11.55%, Quality: EXCELLENT
2025-11-04 02:23:41 - vrp_ga.batch - INFO - Processing dataset 29/55: RC204
2025-11-04 02:23:41 - vrp_ga.batch - INFO - Processing dataset 29/55: RC204
2025-11-04 02:23:41 - vrp_ga.batch - INFO - Problem: 100 customers, capacity 200, 11 vehicles
2025-11-04 02:23:41 - vrp_ga.batch - INFO - Problem: 100 customers, capacity 200, 11 vehicles
2025-11-04 02:23:58 - vrp_ga.batch - INFO - BKS Validation - Gap: 72.67%, Quality: VERY_POOR
2025-11-04 02:23:58 - vrp_ga.batch - INFO - BKS Validation - Gap: 72.67%, Quality: VERY_POOR
2025-11-04 02:23:58 - vrp_ga.batch - INFO - Processing dataset 30/55: R101
2025-11-04 02:23:58 - vrp_ga.batch - INFO - Processing dataset 30/55: R101
2025-11-04 02:23:58 - vrp_ga.batch - INFO - Problem: 100 customers, capacity 200, 10 vehicles
2025-11-04 02:23:58 - vrp_ga.batch - INFO - Problem: 100 customers, capacity 200, 10 vehicles
2025-11-04 02:24:15 - vrp_ga.batch - INFO - BKS Validation - Gap: -31.30%, Quality: EXCELLENT
2025-11-04 02:24:15 - vrp_ga.batch - INFO - BKS Validation - Gap: -31.30%, Quality: EXCELLENT
2025-11-04 02:24:15 - vrp_ga.batch - INFO - Processing dataset 31/55: C103
2025-11-04 02:24:15 - vrp_ga.batch - INFO - Processing dataset 31/55: C103
2025-11-04 02:24:15 - vrp_ga.batch - INFO - Problem: 100 customers, capacity 200, 12 vehicles
2025-11-04 02:24:15 - vrp_ga.batch - INFO - Problem: 100 customers, capacity 200, 12 vehicles
2025-11-04 02:24:31 - vrp_ga.batch - INFO - BKS Validation - Gap: 37.64%, Quality: VERY_POOR
2025-11-04 02:24:31 - vrp_ga.batch - INFO - BKS Validation - Gap: 37.64%, Quality: VERY_POOR
2025-11-04 02:24:31 - vrp_ga.batch - INFO - Processing dataset 32/55: C206
2025-11-04 02:24:31 - vrp_ga.batch - INFO - Processing dataset 32/55: C206
2025-11-04 02:24:31 - vrp_ga.batch - INFO - Problem: 100 customers, capacity 200, 12 vehicles
2025-11-04 02:24:31 - vrp_ga.batch - INFO - Problem: 100 customers, capacity 200, 12 vehicles
2025-11-04 02:24:49 - vrp_ga.batch - INFO - BKS Validation - Gap: 123.81%, Quality: VERY_POOR
2025-11-04 02:24:49 - vrp_ga.batch - INFO - BKS Validation - Gap: 123.81%, Quality: VERY_POOR
2025-11-04 02:24:49 - vrp_ga.batch - INFO - Processing dataset 33/55: R204
2025-11-04 02:24:49 - vrp_ga.batch - INFO - Processing dataset 33/55: R204
2025-11-04 02:24:49 - vrp_ga.batch - INFO - Problem: 100 customers, capacity 200, 10 vehicles
2025-11-04 02:24:49 - vrp_ga.batch - INFO - Problem: 100 customers, capacity 200, 10 vehicles
2025-11-04 02:25:05 - vrp_ga.batch - INFO - BKS Validation - Gap: 50.24%, Quality: VERY_POOR
2025-11-04 02:25:05 - vrp_ga.batch - INFO - BKS Validation - Gap: 50.24%, Quality: VERY_POOR
2025-11-04 02:25:05 - vrp_ga.batch - INFO - Processing dataset 34/55: RC101
2025-11-04 02:25:05 - vrp_ga.batch - INFO - Processing dataset 34/55: RC101
2025-11-04 02:25:05 - vrp_ga.batch - INFO - Problem: 100 customers, capacity 200, 11 vehicles
2025-11-04 02:25:05 - vrp_ga.batch - INFO - Problem: 100 customers, capacity 200, 11 vehicles
2025-11-04 02:25:20 - vrp_ga.batch - INFO - BKS Validation - Gap: -24.03%, Quality: EXCELLENT
2025-11-04 02:25:20 - vrp_ga.batch - INFO - BKS Validation - Gap: -24.03%, Quality: EXCELLENT
2025-11-04 02:25:20 - vrp_ga.batch - INFO - Processing dataset 35/55: RC208
2025-11-04 02:25:20 - vrp_ga.batch - INFO - Processing dataset 35/55: RC208
2025-11-04 02:25:20 - vrp_ga.batch - INFO - Problem: 100 customers, capacity 200, 11 vehicles
2025-11-04 02:25:20 - vrp_ga.batch - INFO - Problem: 100 customers, capacity 200, 11 vehicles
2025-11-04 02:25:36 - vrp_ga.batch - INFO - BKS Validation - Gap: 50.99%, Quality: VERY_POOR
2025-11-04 02:25:36 - vrp_ga.batch - INFO - BKS Validation - Gap: 50.99%, Quality: VERY_POOR
2025-11-04 02:25:36 - vrp_ga.batch - INFO - Processing dataset 36/55: R208
2025-11-04 02:25:36 - vrp_ga.batch - INFO - Processing dataset 36/55: R208
2025-11-04 02:25:36 - vrp_ga.batch - INFO - Problem: 100 customers, capacity 200, 10 vehicles
2025-11-04 02:25:36 - vrp_ga.batch - INFO - Problem: 100 customers, capacity 200, 10 vehicles
2025-11-04 02:25:52 - vrp_ga.batch - INFO - BKS Validation - Gap: 78.97%, Quality: VERY_POOR
2025-11-04 02:25:52 - vrp_ga.batch - INFO - BKS Validation - Gap: 78.97%, Quality: VERY_POOR
2025-11-04 02:25:52 - vrp_ga.batch - INFO - Processing dataset 37/55: R209
2025-11-04 02:25:52 - vrp_ga.batch - INFO - Processing dataset 37/55: R209
2025-11-04 02:25:52 - vrp_ga.batch - INFO - Problem: 100 customers, capacity 200, 10 vehicles
2025-11-04 02:25:52 - vrp_ga.batch - INFO - Problem: 100 customers, capacity 200, 10 vehicles
2025-11-04 02:26:09 - vrp_ga.batch - INFO - BKS Validation - Gap: 31.70%, Quality: VERY_POOR
2025-11-04 02:26:09 - vrp_ga.batch - INFO - BKS Validation - Gap: 31.70%, Quality: VERY_POOR
2025-11-04 02:26:09 - vrp_ga.batch - INFO - Processing dataset 38/55: R205
2025-11-04 02:26:09 - vrp_ga.batch - INFO - Processing dataset 38/55: R205
2025-11-04 02:26:09 - vrp_ga.batch - INFO - Problem: 100 customers, capacity 200, 10 vehicles
2025-11-04 02:26:09 - vrp_ga.batch - INFO - Problem: 100 customers, capacity 200, 10 vehicles
2025-11-04 02:26:25 - vrp_ga.batch - INFO - BKS Validation - Gap: 16.00%, Quality: VERY_POOR
2025-11-04 02:26:25 - vrp_ga.batch - INFO - BKS Validation - Gap: 16.00%, Quality: VERY_POOR
2025-11-04 02:26:25 - vrp_ga.batch - INFO - Processing dataset 39/55: C207
2025-11-04 02:26:25 - vrp_ga.batch - INFO - Processing dataset 39/55: C207
2025-11-04 02:26:25 - vrp_ga.batch - INFO - Problem: 100 customers, capacity 200, 12 vehicles
2025-11-04 02:26:25 - vrp_ga.batch - INFO - Problem: 100 customers, capacity 200, 12 vehicles
2025-11-04 02:26:42 - vrp_ga.batch - INFO - BKS Validation - Gap: 111.99%, Quality: VERY_POOR
2025-11-04 02:26:42 - vrp_ga.batch - INFO - BKS Validation - Gap: 111.99%, Quality: VERY_POOR
2025-11-04 02:26:42 - vrp_ga.batch - INFO - Processing dataset 40/55: C102
2025-11-04 02:26:42 - vrp_ga.batch - INFO - Processing dataset 40/55: C102
2025-11-04 02:26:42 - vrp_ga.batch - INFO - Problem: 100 customers, capacity 200, 12 vehicles
2025-11-04 02:26:42 - vrp_ga.batch - INFO - Problem: 100 customers, capacity 200, 12 vehicles
2025-11-04 02:26:57 - vrp_ga.batch - INFO - BKS Validation - Gap: 34.27%, Quality: VERY_POOR
2025-11-04 02:26:57 - vrp_ga.batch - INFO - BKS Validation - Gap: 34.27%, Quality: VERY_POOR
2025-11-04 02:26:57 - vrp_ga.batch - INFO - Processing dataset 41/55: RC205
2025-11-04 02:26:57 - vrp_ga.batch - INFO - Processing dataset 41/55: RC205
2025-11-04 02:26:57 - vrp_ga.batch - INFO - Problem: 100 customers, capacity 200, 11 vehicles
2025-11-04 02:26:57 - vrp_ga.batch - INFO - Problem: 100 customers, capacity 200, 11 vehicles
2025-11-04 02:27:13 - vrp_ga.batch - INFO - BKS Validation - Gap: -3.77%, Quality: EXCELLENT
2025-11-04 02:27:13 - vrp_ga.batch - INFO - BKS Validation - Gap: -3.77%, Quality: EXCELLENT
2025-11-04 02:27:14 - vrp_ga.batch - INFO - Processing dataset 42/55: C109
2025-11-04 02:27:14 - vrp_ga.batch - INFO - Processing dataset 42/55: C109
2025-11-04 02:27:14 - vrp_ga.batch - INFO - Problem: 100 customers, capacity 200, 12 vehicles
2025-11-04 02:27:14 - vrp_ga.batch - INFO - Problem: 100 customers, capacity 200, 12 vehicles
2025-11-04 02:27:29 - vrp_ga.batch - INFO - BKS Validation - Gap: 33.27%, Quality: VERY_POOR
2025-11-04 02:27:29 - vrp_ga.batch - INFO - BKS Validation - Gap: 33.27%, Quality: VERY_POOR
2025-11-04 02:27:29 - vrp_ga.batch - INFO - Processing dataset 43/55: R111
2025-11-04 02:27:29 - vrp_ga.batch - INFO - Processing dataset 43/55: R111
2025-11-04 02:27:29 - vrp_ga.batch - INFO - Problem: 100 customers, capacity 200, 10 vehicles
2025-11-04 02:27:29 - vrp_ga.batch - INFO - Problem: 100 customers, capacity 200, 10 vehicles
2025-11-04 02:27:47 - vrp_ga.batch - INFO - BKS Validation - Gap: 22.74%, Quality: VERY_POOR
2025-11-04 02:27:47 - vrp_ga.batch - INFO - BKS Validation - Gap: 22.74%, Quality: VERY_POOR
2025-11-04 02:27:47 - vrp_ga.batch - INFO - Processing dataset 44/55: RC202
2025-11-04 02:27:47 - vrp_ga.batch - INFO - Processing dataset 44/55: RC202
2025-11-04 02:27:47 - vrp_ga.batch - INFO - Problem: 100 customers, capacity 200, 11 vehicles
2025-11-04 02:27:47 - vrp_ga.batch - INFO - Problem: 100 customers, capacity 200, 11 vehicles
2025-11-04 02:28:04 - vrp_ga.batch - INFO - BKS Validation - Gap: -8.44%, Quality: EXCELLENT
2025-11-04 02:28:04 - vrp_ga.batch - INFO - BKS Validation - Gap: -8.44%, Quality: EXCELLENT
2025-11-04 02:28:04 - vrp_ga.batch - INFO - Processing dataset 45/55: R107
2025-11-04 02:28:04 - vrp_ga.batch - INFO - Processing dataset 45/55: R107
2025-11-04 02:28:04 - vrp_ga.batch - INFO - Problem: 100 customers, capacity 200, 10 vehicles
2025-11-04 02:28:04 - vrp_ga.batch - INFO - Problem: 100 customers, capacity 200, 10 vehicles
2025-11-04 02:28:20 - vrp_ga.batch - INFO - BKS Validation - Gap: 5.60%, Quality: POOR
2025-11-04 02:28:20 - vrp_ga.batch - INFO - BKS Validation - Gap: 5.60%, Quality: POOR
2025-11-04 02:28:20 - vrp_ga.batch - INFO - Processing dataset 46/55: C105
2025-11-04 02:28:20 - vrp_ga.batch - INFO - Processing dataset 46/55: C105
2025-11-04 02:28:20 - vrp_ga.batch - INFO - Problem: 100 customers, capacity 200, 12 vehicles
2025-11-04 02:28:20 - vrp_ga.batch - INFO - Problem: 100 customers, capacity 200, 12 vehicles
2025-11-04 02:28:36 - vrp_ga.batch - INFO - BKS Validation - Gap: 28.06%, Quality: VERY_POOR
2025-11-04 02:28:36 - vrp_ga.batch - INFO - BKS Validation - Gap: 28.06%, Quality: VERY_POOR
2025-11-04 02:28:36 - vrp_ga.batch - INFO - Processing dataset 47/55: R202
2025-11-04 02:28:36 - vrp_ga.batch - INFO - Processing dataset 47/55: R202
2025-11-04 02:28:36 - vrp_ga.batch - INFO - Problem: 100 customers, capacity 200, 10 vehicles
2025-11-04 02:28:36 - vrp_ga.batch - INFO - Problem: 100 customers, capacity 200, 10 vehicles
2025-11-04 02:28:53 - vrp_ga.batch - INFO - BKS Validation - Gap: 1.05%, Quality: GOOD
2025-11-04 02:28:53 - vrp_ga.batch - INFO - BKS Validation - Gap: 1.05%, Quality: GOOD
2025-11-04 02:28:53 - vrp_ga.batch - INFO - Processing dataset 48/55: RC107
2025-11-04 02:28:53 - vrp_ga.batch - INFO - Processing dataset 48/55: RC107
2025-11-04 02:28:53 - vrp_ga.batch - INFO - Problem: 100 customers, capacity 200, 11 vehicles
2025-11-04 02:28:53 - vrp_ga.batch - INFO - Problem: 100 customers, capacity 200, 11 vehicles
2025-11-04 02:29:09 - vrp_ga.batch - INFO - BKS Validation - Gap: 6.95%, Quality: POOR
2025-11-04 02:29:09 - vrp_ga.batch - INFO - BKS Validation - Gap: 6.95%, Quality: POOR
2025-11-04 02:29:09 - vrp_ga.batch - INFO - Processing dataset 49/55: RC106
2025-11-04 02:29:09 - vrp_ga.batch - INFO - Processing dataset 49/55: RC106
2025-11-04 02:29:09 - vrp_ga.batch - INFO - Problem: 100 customers, capacity 200, 11 vehicles
2025-11-04 02:29:09 - vrp_ga.batch - INFO - Problem: 100 customers, capacity 200, 11 vehicles
2025-11-04 02:29:25 - vrp_ga.batch - INFO - BKS Validation - Gap: 2.54%, Quality: GOOD
2025-11-04 02:29:25 - vrp_ga.batch - INFO - BKS Validation - Gap: 2.54%, Quality: GOOD
2025-11-04 02:29:25 - vrp_ga.batch - INFO - Processing dataset 50/55: R203
2025-11-04 02:29:25 - vrp_ga.batch - INFO - Processing dataset 50/55: R203
2025-11-04 02:29:25 - vrp_ga.batch - INFO - Problem: 100 customers, capacity 200, 10 vehicles
2025-11-04 02:29:25 - vrp_ga.batch - INFO - Problem: 100 customers, capacity 200, 10 vehicles
2025-11-04 02:29:43 - vrp_ga.batch - INFO - BKS Validation - Gap: 28.20%, Quality: VERY_POOR
2025-11-04 02:29:43 - vrp_ga.batch - INFO - BKS Validation - Gap: 28.20%, Quality: VERY_POOR
2025-11-04 02:29:43 - vrp_ga.batch - INFO - Processing dataset 51/55: C201
2025-11-04 02:29:43 - vrp_ga.batch - INFO - Processing dataset 51/55: C201
2025-11-04 02:29:43 - vrp_ga.batch - INFO - Problem: 100 customers, capacity 200, 12 vehicles
2025-11-04 02:29:43 - vrp_ga.batch - INFO - Problem: 100 customers, capacity 200, 12 vehicles
2025-11-04 02:30:01 - vrp_ga.batch - INFO - BKS Validation - Gap: 120.53%, Quality: VERY_POOR
2025-11-04 02:30:01 - vrp_ga.batch - INFO - BKS Validation - Gap: 120.53%, Quality: VERY_POOR
2025-11-04 02:30:01 - vrp_ga.batch - INFO - Processing dataset 52/55: R106
2025-11-04 02:30:01 - vrp_ga.batch - INFO - Processing dataset 52/55: R106
2025-11-04 02:30:01 - vrp_ga.batch - INFO - Problem: 100 customers, capacity 200, 10 vehicles
2025-11-04 02:30:01 - vrp_ga.batch - INFO - Problem: 100 customers, capacity 200, 10 vehicles
2025-11-04 02:30:17 - vrp_ga.batch - INFO - BKS Validation - Gap: -0.81%, Quality: EXCELLENT
2025-11-04 02:30:17 - vrp_ga.batch - INFO - BKS Validation - Gap: -0.81%, Quality: EXCELLENT
2025-11-04 02:30:17 - vrp_ga.batch - INFO - Processing dataset 53/55: RC203
2025-11-04 02:30:17 - vrp_ga.batch - INFO - Processing dataset 53/55: RC203
2025-11-04 02:30:17 - vrp_ga.batch - INFO - Problem: 100 customers, capacity 200, 11 vehicles
2025-11-04 02:30:17 - vrp_ga.batch - INFO - Problem: 100 customers, capacity 200, 11 vehicles
2025-11-04 02:30:33 - vrp_ga.batch - INFO - BKS Validation - Gap: 20.90%, Quality: VERY_POOR
2025-11-04 02:30:33 - vrp_ga.batch - INFO - BKS Validation - Gap: 20.90%, Quality: VERY_POOR
2025-11-04 02:30:33 - vrp_ga.batch - INFO - Processing dataset 54/55: R110
2025-11-04 02:30:33 - vrp_ga.batch - INFO - Processing dataset 54/55: R110
2025-11-04 02:30:33 - vrp_ga.batch - INFO - Problem: 100 customers, capacity 200, 10 vehicles
2025-11-04 02:30:33 - vrp_ga.batch - INFO - Problem: 100 customers, capacity 200, 10 vehicles
2025-11-04 02:30:50 - vrp_ga.batch - INFO - BKS Validation - Gap: 13.28%, Quality: VERY_POOR
2025-11-04 02:30:50 - vrp_ga.batch - INFO - BKS Validation - Gap: 13.28%, Quality: VERY_POOR
2025-11-04 02:30:50 - vrp_ga.batch - INFO - Processing dataset 55/55: C108
2025-11-04 02:30:50 - vrp_ga.batch - INFO - Processing dataset 55/55: C108
2025-11-04 02:30:50 - vrp_ga.batch - INFO - Problem: 100 customers, capacity 200, 12 vehicles
2025-11-04 02:30:50 - vrp_ga.batch - INFO - Problem: 100 customers, capacity 200, 12 vehicles
2025-11-04 02:31:07 - vrp_ga.batch - INFO - BKS Validation - Gap: 32.25%, Quality: VERY_POOR
2025-11-04 02:31:07 - vrp_ga.batch - INFO - BKS Validation - Gap: 32.25%, Quality: VERY_POOR
2025-11-04 02:31:07 - vrp_ga.batch - INFO - Batch summary exported to: results/solomon_summary_20251104_023107.csv
2025-11-04 02:31:07 - vrp_ga.batch - INFO - Batch summary exported to: results/solomon_summary_20251104_023107.csv
2025-11-04 02:31:07 - vrp_ga.batch - INFO - Batch processing completed: 55 datasets processed
2025-11-04 02:31:07 - vrp_ga.batch - INFO - Batch processing completed: 55 datasets processed
