2025-11-04 01:42:00 - vrp_ga - INFO - Logger initialized. Log file: logs/vrp_ga_20251104_014200.log
2025-11-04 01:42:00 - vrp_ga - INFO - ============================================================
2025-11-04 01:42:00 - vrp_ga - INFO - VRP-GA System Starting
2025-11-04 01:42:00 - vrp_ga - INFO - ============================================================
2025-11-04 01:42:00 - vrp_ga.batch - INFO - Logger initialized. Log file: logs/vrp_ga_20251104_014200.log
2025-11-04 01:42:00 - vrp_ga.batch - INFO - Logger initialized. Log file: logs/vrp_ga_20251104_014200.log
2025-11-04 01:42:00 - vrp_ga.batch - INFO - ============================================================
2025-11-04 01:42:00 - vrp_ga.batch - INFO - ============================================================
2025-11-04 01:42:00 - vrp_ga.batch - INFO - VRP-GA System - Solomon Batch Mode
2025-11-04 01:42:00 - vrp_ga.batch - INFO - VRP-GA System - Solomon Batch Mode
2025-11-04 01:42:00 - vrp_ga.batch - INFO - ============================================================
2025-11-04 01:42:00 - vrp_ga.batch - INFO - ============================================================
2025-11-04 01:42:00 - vrp_ga.batch - INFO - BKS validator initialized with 56 instances
2025-11-04 01:42:00 - vrp_ga.batch - INFO - BKS validator initialized with 56 instances
2025-11-04 01:42:00 - vrp_ga.batch - INFO - Found 55 Solomon datasets
2025-11-04 01:42:00 - vrp_ga.batch - INFO - Found 55 Solomon datasets
2025-11-04 01:42:00 - vrp_ga.batch - INFO - Processing dataset 1/55: R109
2025-11-04 01:42:00 - vrp_ga.batch - INFO - Processing dataset 1/55: R109
2025-11-04 01:42:00 - vrp_ga.batch - INFO - Problem: 100 customers, capacity 200, 10 vehicles
2025-11-04 01:42:00 - vrp_ga.batch - INFO - Problem: 100 customers, capacity 200, 10 vehicles
2025-11-04 01:42:08 - vrp_ga.batch - INFO - BKS Validation - Gap: 10.54%, Quality: VERY_POOR
2025-11-04 01:42:08 - vrp_ga.batch - INFO - BKS Validation - Gap: 10.54%, Quality: VERY_POOR
2025-11-04 01:42:08 - vrp_ga.batch - INFO - Processing dataset 2/55: RC105
2025-11-04 01:42:08 - vrp_ga.batch - INFO - Processing dataset 2/55: RC105
2025-11-04 01:42:09 - vrp_ga.batch - INFO - Problem: 100 customers, capacity 200, 11 vehicles
2025-11-04 01:42:09 - vrp_ga.batch - INFO - Problem: 100 customers, capacity 200, 11 vehicles
2025-11-04 01:42:14 - vrp_ga - INFO - Operation cancelled by user
