2025-11-06 08:31:41 - vrp_ga - INFO - Logger initialized. Log file: logs/vrp_ga_20251106_083141.log
2025-11-06 08:31:41 - vrp_ga - INFO - ============================================================
2025-11-06 08:31:41 - vrp_ga - INFO - VRP-GA System Starting
2025-11-06 08:31:41 - vrp_ga - INFO - ============================================================
2025-11-06 08:31:41 - vrp_ga.dataset - INFO - Logger initialized. Log file: logs/vrp_ga_20251106_083141.log
2025-11-06 08:31:41 - vrp_ga.dataset - INFO - Logger initialized. Log file: logs/vrp_ga_20251106_083141.log
2025-11-06 08:31:41 - vrp_ga.dataset - INFO - ============================================================
2025-11-06 08:31:41 - vrp_ga.dataset - INFO - ============================================================
2025-11-06 08:31:41 - vrp_ga.dataset - INFO - VRP-GA System - JSON Dataset Mode
2025-11-06 08:31:41 - vrp_ga.dataset - INFO - VRP-GA System - JSON Dataset Mode
2025-11-06 08:31:41 - vrp_ga.dataset - INFO - ============================================================
2025-11-06 08:31:41 - vrp_ga.dataset - INFO - ============================================================
2025-11-06 08:31:41 - vrp_ga.dataset - INFO - Loading JSON dataset: large_kmeans
2025-11-06 08:31:41 - vrp_ga.dataset - INFO - Loading JSON dataset: large_kmeans
2025-11-06 08:31:41 - vrp_ga.dataset - INFO - Problem loaded: 50 customers, capacity 200, 4 vehicles
2025-11-06 08:31:41 - vrp_ga.dataset - INFO - Problem loaded: 50 customers, capacity 200, 4 vehicles
2025-11-06 08:31:41 - vrp_ga.optimization - INFO - Logger initialized. Log file: logs/vrp_ga_20251106_083141.log
2025-11-06 08:31:41 - vrp_ga.optimization - INFO - Logger initialized. Log file: logs/vrp_ga_20251106_083141.log
2025-11-06 08:31:41 - vrp_ga.optimization - INFO - Starting optimization for: large_kmeans
2025-11-06 08:31:41 - vrp_ga.optimization - INFO - Starting optimization for: large_kmeans
2025-11-06 08:31:41 - vrp_ga.optimization - INFO - GA Configuration: generations=1000, population=100, crossover_prob=0.9, mutation_prob=0.15
2025-11-06 08:31:41 - vrp_ga.optimization - INFO - GA Configuration: generations=1000, population=100, crossover_prob=0.9, mutation_prob=0.15
2025-11-06 08:31:41 - vrp_ga.optimization - INFO - Initializing Genetic Algorithm...
2025-11-06 08:31:41 - vrp_ga.optimization - INFO - Initializing Genetic Algorithm...
2025-11-06 08:31:41 - vrp_ga.optimization - INFO - Running GA for 1000 generations...
2025-11-06 08:31:41 - vrp_ga.optimization - INFO - Running GA for 1000 generations...
2025-11-06 08:32:07 - vrp_ga.optimization - INFO - GA completed in 26.58 seconds
2025-11-06 08:32:07 - vrp_ga.optimization - INFO - GA completed in 26.58 seconds
2025-11-06 08:32:07 - vrp_ga.optimization - INFO - Calculating KPIs...
2025-11-06 08:32:07 - vrp_ga.optimization - INFO - Calculating KPIs...
2025-11-06 08:32:07 - vrp_ga.optimization - INFO - Exporting detailed results...
2025-11-06 08:32:07 - vrp_ga.optimization - INFO - Exporting detailed results...
2025-11-06 08:32:07 - vrp_ga.optimization - INFO - Results exported: evolution=results/evolution_data_20251106_083207.csv, routes=results/optimal_routes_20251106_083207.txt, kpi=results/kpi_comparison_20251106_083207.csv
2025-11-06 08:32:07 - vrp_ga.optimization - INFO - Results exported: evolution=results/evolution_data_20251106_083207.csv, routes=results/optimal_routes_20251106_083207.txt, kpi=results/kpi_comparison_20251106_083207.csv
